#
# A fatal error has been detected by the Java Runtime Environment:
#
#  EXCEPTION_ACCESS_VIOLATION (0xc0000005) at pc=0x0000000070600075, pid=3044, tid=0x000000000000368c
#
# JRE version: OpenJDK Runtime Environment (8.0_332-b09) (build 1.8.0_332-b09)
# Java VM: OpenJDK 64-Bit Server VM (25.332-b09 mixed mode windows-amd64 compressed oops)
# Problematic frame:
# V  [jvm.dll+0x60075]
#
# Failed to write core dump. Minidumps are not enabled by default on client versions of Windows
#
# If you would like to submit a bug report, please visit:
#   https://github.com/adoptium/adoptium-support/issues
#

---------------  T H R E A D  ---------------

Current thread (0x000001c442d6c800):  JavaThread "background-preinit" [_thread_in_vm, id=13964, stack(0x000000a5a3e00000,0x000000a5a3f00000)]

siginfo: ExceptionCode=0xc0000005, reading address 0xffffffffffffffff

Registers:
RAX=0x000201c442e5bc60, RBX=0x00000007c02cfd68, RCX=0x0000000000000000, RDX=0x000001c44223d920
RSP=0x000000a5a3efd460, RBP=0x0000000000000001, RSI=0x0000000000000000, RDI=0x000000a5a3efe960
R8 =0x000000a5a3efe960, R9 =0x0000000000000000, R10=0x000001c442e5bc60, R11=0x0000000000000000
R12=0x0000000000000000, R13=0x000001c442d6c800, R14=0x000001c44223d920, R15=0x000001c44223dac0
RIP=0x0000000070600075, EFLAGS=0x0000000000010246

Top of Stack: (sp=0x000000a5a3efd460)
0x000000a5a3efd460:   000001c442d6c800 0000000070600f51
0x000000a5a3efd470:   000001c441da0378 000000007066dd94
0x000000a5a3efd480:   000000a5a3efe960 00000000ed0f4e19
0x000000a5a3efd490:   000000a5a3efd780 00000000000001a0
0x000000a5a3efd4a0:   000001c442d6c800 000001c44223d920
0x000000a5a3efd4b0:   0000000000000000 00000000705f4b10
0x000000a5a3efd4c0:   0000000000000001 000001c442d6c800
0x000000a5a3efd4d0:   000001c4430a68d0 0000000000000000
0x000000a5a3efd4e0:   000001c442d6c800 0000000000000001
0x000000a5a3efd4f0:   0000000000000005 000000a5a3efd600
0x000000a5a3efd500:   000000a5a3efd780 00000000705f4cdf
0x000000a5a3efd510:   000000a5a3efe880 000001c442d6c800
0x000000a5a3efd520:   000000a5a3efd579 000001c44223dad0
0x000000a5a3efd530:   000001c442d6c800 000001c44223dc20
0x000000a5a3efd540:   000001c442d6c800 000001c442d6c800
0x000000a5a3efd550:   0000000000000010 000001c442e5bc60 

Instructions: (pc=0x0000000070600075)
0x0000000070600055:   41 5c 5f 5b c3 49 3b c2 74 d7 48 8b c8 48 89 6c
0x0000000070600065:   24 60 48 89 74 24 78 83 e1 03 0f 85 8c 01 00 00
0x0000000070600075:   66 83 38 01 0f 82 82 01 00 00 80 78 08 5b 0f 84
0x0000000070600085:   78 01 00 00 48 3b 05 10 c1 76 00 0f 84 93 00 00 


Register to memory mapping:

RAX=0x000201c442e5bc60 is an unknown value
RBX=0x00000007c02cfd68 is pointing into metadata
RCX=0x0000000000000000 is an unknown value
RDX=0x000001c44223d920 is an unknown value
RSP=0x000000a5a3efd460 is pointing into the stack for thread: 0x000001c442d6c800
RBP=0x0000000000000001 is an unknown value
RSI=0x0000000000000000 is an unknown value
RDI=0x000000a5a3efe960 is pointing into the stack for thread: 0x000001c442d6c800
R8 =0x000000a5a3efe960 is pointing into the stack for thread: 0x000001c442d6c800
R9 =0x0000000000000000 is an unknown value
R10=0x000001c442e5bc60 is an unknown value
R11=0x0000000000000000 is an unknown value
R12=0x0000000000000000 is an unknown value
R13=0x000001c442d6c800 is a thread
R14=0x000001c44223d920 is an unknown value
R15=0x000001c44223dac0 is an unknown value


Stack: [0x000000a5a3e00000,0x000000a5a3f00000],  sp=0x000000a5a3efd460,  free space=1013k
Native frames: (J=compiled Java code, j=interpreted, Vv=VM code, C=native code)
V  [jvm.dll+0x60075]
V  [jvm.dll+0x54b10]
V  [jvm.dll+0x54cdf]
V  [jvm.dll+0x55968]
V  [jvm.dll+0x6a3d6]
V  [jvm.dll+0x646d8]
V  [jvm.dll+0x63f08]
V  [jvm.dll+0xea6d7]
V  [jvm.dll+0xe9987]
V  [jvm.dll+0xe9925]
V  [jvm.dll+0x9860f]
C  0x000001c429f581bc

Java frames: (J=compiled Java code, j=interpreted, Vv=VM code)
j  com.fasterxml.jackson.databind.ObjectMapper.<clinit>()V+0
v  ~StubRoutines::call_stub
j  org.springframework.http.converter.json.Jackson2ObjectMapperBuilder.build()Lcom/fasterxml/jackson/databind/ObjectMapper;+79
j  org.springframework.http.converter.json.MappingJackson2HttpMessageConverter.<init>()V+4
j  org.springframework.http.converter.support.AllEncompassingFormHttpMessageConverter.<init>()V+76
j  org.springframework.boot.autoconfigure.BackgroundPreinitializer$MessageConverterInitializer.run()V+4
j  org.springframework.boot.autoconfigure.BackgroundPreinitializer$1.runSafely(Ljava/lang/Runnable;)V+1
j  org.springframework.boot.autoconfigure.BackgroundPreinitializer$1.run()V+33
j  java.lang.Thread.run()V+11
v  ~StubRoutines::call_stub

---------------  P R O C E S S  ---------------

Java Threads: ( => current thread )
=>0x000001c442d6c800 JavaThread "background-preinit" [_thread_in_vm, id=13964, stack(0x000000a5a3e00000,0x000000a5a3f00000)]
  0x000001c442142800 JavaThread "Service Thread" daemon [_thread_blocked, id=1872, stack(0x000000a5a3c00000,0x000000a5a3d00000)]
  0x000001c4420c1000 JavaThread "C1 CompilerThread2" daemon [_thread_blocked, id=9940, stack(0x000000a5a3b00000,0x000000a5a3c00000)]
  0x000001c4420a2000 JavaThread "C2 CompilerThread1" daemon [_thread_blocked, id=5204, stack(0x000000a5a3a00000,0x000000a5a3b00000)]
  0x000001c4420a1000 JavaThread "C2 CompilerThread0" daemon [_thread_blocked, id=15668, stack(0x000000a5a3900000,0x000000a5a3a00000)]
  0x000001c441fad000 JavaThread "Monitor Ctrl-Break" daemon [_thread_in_native, id=15040, stack(0x000000a5a3800000,0x000000a5a3900000)]
  0x000001c440bed800 JavaThread "Attach Listener" daemon [_thread_blocked, id=16420, stack(0x000000a5a3700000,0x000000a5a3800000)]
  0x000001c440bec800 JavaThread "Signal Dispatcher" daemon [_thread_blocked, id=16624, stack(0x000000a5a3600000,0x000000a5a3700000)]
  0x000001c440bc4800 JavaThread "Finalizer" daemon [_thread_blocked, id=8528, stack(0x000000a5a3500000,0x000000a5a3600000)]
  0x000001c440bb9000 JavaThread "Reference Handler" daemon [_thread_blocked, id=8132, stack(0x000000a5a3400000,0x000000a5a3500000)]
  0x000001c428575000 JavaThread "main" [_thread_in_native, id=13252, stack(0x000000a5a2e00000,0x000000a5a2f00000)]

Other Threads:
  0x000001c440b90800 VMThread [stack: 0x000000a5a3300000,0x000000a5a3400000] [id=16364]
  0x000001c442143800 WatcherThread [stack: 0x000000a5a3d00000,0x000000a5a3e00000] [id=16580]

VM state:not at safepoint (normal execution)

VM Mutex/Monitor currently owned by a thread: None

heap address: 0x0000000705200000, size: 2990 MB, Compressed Oops mode: Zero based, Oop shift amount: 3
Narrow klass base: 0x0000000000000000, Narrow klass shift: 3
Compressed class space size: 1073741824 Address: 0x00000007c0000000

Heap:
 PSYoungGen      total 56320K, used 8061K [0x0000000781b80000, 0x0000000788980000, 0x00000007c0000000)
  eden space 48640K, 16% used [0x0000000781b80000,0x000000078235f7b8,0x0000000784b00000)
  from space 7680K, 0% used [0x0000000784b00000,0x0000000784b00000,0x0000000785280000)
  to   space 7680K, 0% used [0x0000000788200000,0x0000000788200000,0x0000000788980000)
 ParOldGen       total 74752K, used 7400K [0x0000000705200000, 0x0000000709b00000, 0x0000000781b80000)
  object space 74752K, 9% used [0x0000000705200000,0x000000070593a340,0x0000000709b00000)
 Metaspace       used 21104K, capacity 21952K, committed 22144K, reserved 1069056K
  class space    used 2752K, capacity 2940K, committed 2944K, reserved 1048576K

Card table byte_map: [0x000001c4392f0000,0x000001c4398d0000] byte_map_base: 0x000001c435ac7000

Marking Bits: (ParMarkBitMap*) 0x0000000070d92850
 Begin Bits: [0x000001c439cc0000, 0x000001c43cb78000)
 End Bits:   [0x000001c43cb78000, 0x000001c43fa30000)

Polling page: 0x000001c4286f0000

CodeCache: size=245760Kb used=5871Kb max_used=5871Kb free=239888Kb
 bounds [0x000001c429f30000, 0x000001c42a4f0000, 0x000001c438f30000]
 total_blobs=2134 nmethods=1757 adapters=289
 compilation: enabled

Compilation events (10 events):
Event: 6.539 Thread 0x000001c4420c1000 nmethod 1740 0x000001c42a4d3c50 code [0x000001c42a4d3de0, 0x000001c42a4d4250]
Event: 6.539 Thread 0x000001c4420c1000 1741       3       java.lang.reflect.Method::getDeclaredAnnotations (5 bytes)
Event: 6.539 Thread 0x000001c4420c1000 nmethod 1741 0x000001c42a4d33d0 code [0x000001c42a4d3580, 0x000001c42a4d3a50]
Event: 6.539 Thread 0x000001c4420c1000 1742       3       java.lang.invoke.MethodType::changeReturnType (20 bytes)
Event: 6.540 Thread 0x000001c4420c1000 nmethod 1742 0x000001c42a4d5e90 code [0x000001c42a4d6000, 0x000001c42a4d6290]
Event: 6.541 Thread 0x000001c4420c1000 1743       3       java.util.Collections$EmptySet::toArray (11 bytes)
Event: 6.541 Thread 0x000001c4420a2000 1744       4       java.util.AbstractList::<init> (10 bytes)
Event: 6.541 Thread 0x000001c4420c1000 nmethod 1743 0x000001c42a4dba90 code [0x000001c42a4dbc00, 0x000001c42a4dbef8]
Event: 6.541 Thread 0x000001c4420a2000 nmethod 1744 0x000001c42a4cf510 code [0x000001c42a4cf640, 0x000001c42a4cf698]
Event: 6.545 Thread 0x000001c4420a1000 nmethod 1710 0x000001c42a4dec50 code [0x000001c42a4defe0, 0x000001c42a4e1aa8]

GC Heap History (8 events):
Event: 4.613 GC heap before
{Heap before GC invocations=1 (full 0):
 PSYoungGen      total 56320K, used 48640K [0x0000000781b80000, 0x0000000785a00000, 0x00000007c0000000)
  eden space 48640K, 100% used [0x0000000781b80000,0x0000000784b00000,0x0000000784b00000)
  from space 7680K, 0% used [0x0000000785280000,0x0000000785280000,0x0000000785a00000)
  to   space 7680K, 0% used [0x0000000784b00000,0x0000000784b00000,0x0000000785280000)
 ParOldGen       total 128512K, used 0K [0x0000000705200000, 0x000000070cf80000, 0x0000000781b80000)
  object space 128512K, 0% used [0x0000000705200000,0x0000000705200000,0x000000070cf80000)
 Metaspace       used 12064K, capacity 12402K, committed 12672K, reserved 1060864K
  class space    used 1462K, capacity 1569K, committed 1664K, reserved 1048576K
Event: 4.625 GC heap after
Heap after GC invocations=1 (full 0):
 PSYoungGen      total 56320K, used 6172K [0x0000000781b80000, 0x0000000785a00000, 0x00000007c0000000)
  eden space 48640K, 0% used [0x0000000781b80000,0x0000000781b80000,0x0000000784b00000)
  from space 7680K, 80% used [0x0000000784b00000,0x0000000785107398,0x0000000785280000)
  to   space 7680K, 0% used [0x0000000785280000,0x0000000785280000,0x0000000785a00000)
 ParOldGen       total 128512K, used 80K [0x0000000705200000, 0x000000070cf80000, 0x0000000781b80000)
  object space 128512K, 0% used [0x0000000705200000,0x0000000705214010,0x000000070cf80000)
 Metaspace       used 12064K, capacity 12402K, committed 12672K, reserved 1060864K
  class space    used 1462K, capacity 1569K, committed 1664K, reserved 1048576K
}
Event: 5.680 GC heap before
{Heap before GC invocations=2 (full 0):
 PSYoungGen      total 56320K, used 54812K [0x0000000781b80000, 0x0000000785a00000, 0x00000007c0000000)
  eden space 48640K, 100% used [0x0000000781b80000,0x0000000784b00000,0x0000000784b00000)
  from space 7680K, 80% used [0x0000000784b00000,0x0000000785107398,0x0000000785280000)
  to   space 7680K, 0% used [0x0000000785280000,0x0000000785280000,0x0000000785a00000)
 ParOldGen       total 128512K, used 80K [0x0000000705200000, 0x000000070cf80000, 0x0000000781b80000)
  object space 128512K, 0% used [0x0000000705200000,0x0000000705214010,0x000000070cf80000)
 Metaspace       used 17093K, capacity 17872K, committed 18048K, reserved 1064960K
  class space    used 2169K, capacity 2344K, committed 2432K, reserved 1048576K
Event: 5.695 GC heap after
Heap after GC invocations=2 (full 0):
 PSYoungGen      total 56320K, used 7556K [0x0000000781b80000, 0x0000000785a00000, 0x00000007c0000000)
  eden space 48640K, 0% used [0x0000000781b80000,0x0000000781b80000,0x0000000784b00000)
  from space 7680K, 98% used [0x0000000785280000,0x00000007859e1288,0x0000000785a00000)
  to   space 7680K, 0% used [0x0000000784b00000,0x0000000784b00000,0x0000000785280000)
 ParOldGen       total 128512K, used 88K [0x0000000705200000, 0x000000070cf80000, 0x0000000781b80000)
  object space 128512K, 0% used [0x0000000705200000,0x0000000705216010,0x000000070cf80000)
 Metaspace       used 17093K, capacity 17872K, committed 18048K, reserved 1064960K
  class space    used 2169K, capacity 2344K, committed 2432K, reserved 1048576K
}
Event: 6.327 GC heap before
{Heap before GC invocations=3 (full 0):
 PSYoungGen      total 56320K, used 51374K [0x0000000781b80000, 0x0000000785a00000, 0x00000007c0000000)
  eden space 48640K, 90% used [0x0000000781b80000,0x000000078464a680,0x0000000784b00000)
  from space 7680K, 98% used [0x0000000785280000,0x00000007859e1288,0x0000000785a00000)
  to   space 7680K, 0% used [0x0000000784b00000,0x0000000784b00000,0x0000000785280000)
 ParOldGen       total 128512K, used 88K [0x0000000705200000, 0x000000070cf80000, 0x0000000781b80000)
  object space 128512K, 0% used [0x0000000705200000,0x0000000705216010,0x000000070cf80000)
 Metaspace       used 20349K, capacity 21168K, committed 21296K, reserved 1067008K
  class space    used 2679K, capacity 2874K, committed 2944K, reserved 1048576K
Event: 6.339 GC heap after
Heap after GC invocations=3 (full 0):
 PSYoungGen      total 56320K, used 7531K [0x0000000781b80000, 0x0000000788980000, 0x00000007c0000000)
  eden space 48640K, 0% used [0x0000000781b80000,0x0000000781b80000,0x0000000784b00000)
  from space 7680K, 98% used [0x0000000784b00000,0x000000078525ad10,0x0000000785280000)
  to   space 7680K, 0% used [0x0000000788200000,0x0000000788200000,0x0000000788980000)
 ParOldGen       total 128512K, used 96K [0x0000000705200000, 0x000000070cf80000, 0x0000000781b80000)
  object space 128512K, 0% used [0x0000000705200000,0x0000000705218010,0x000000070cf80000)
 Metaspace       used 20349K, capacity 21168K, committed 21296K, reserved 1067008K
  class space    used 2679K, capacity 2874K, committed 2944K, reserved 1048576K
}
Event: 6.339 GC heap before
{Heap before GC invocations=4 (full 1):
 PSYoungGen      total 56320K, used 7531K [0x0000000781b80000, 0x0000000788980000, 0x00000007c0000000)
  eden space 48640K, 0% used [0x0000000781b80000,0x0000000781b80000,0x0000000784b00000)
  from space 7680K, 98% used [0x0000000784b00000,0x000000078525ad10,0x0000000785280000)
  to   space 7680K, 0% used [0x0000000788200000,0x0000000788200000,0x0000000788980000)
 ParOldGen       total 128512K, used 96K [0x0000000705200000, 0x000000070cf80000, 0x0000000781b80000)
  object space 128512K, 0% used [0x0000000705200000,0x0000000705218010,0x000000070cf80000)
 Metaspace       used 20349K, capacity 21168K, committed 21296K, reserved 1067008K
  class space    used 2679K, capacity 2874K, committed 2944K, reserved 1048576K
Event: 6.383 GC heap after
Heap after GC invocations=4 (full 1):
 PSYoungGen      total 56320K, used 0K [0x0000000781b80000, 0x0000000788980000, 0x00000007c0000000)
  eden space 48640K, 0% used [0x0000000781b80000,0x0000000781b80000,0x0000000784b00000)
  from space 7680K, 0% used [0x0000000784b00000,0x0000000784b00000,0x0000000785280000)
  to   space 7680K, 0% used [0x0000000788200000,0x0000000788200000,0x0000000788980000)
 ParOldGen       total 74752K, used 7400K [0x0000000705200000, 0x0000000709b00000, 0x0000000781b80000)
  object space 74752K, 9% used [0x0000000705200000,0x000000070593a340,0x0000000709b00000)
 Metaspace       used 20349K, capacity 21168K, committed 21296K, reserved 1067008K
  class space    used 2679K, capacity 2874K, committed 2944K, reserved 1048576K
}

Deoptimization events (10 events):
Event: 2.872 Thread 0x000001c428575000 Uncommon trap: reason=unstable_if action=reinterpret pc=0x000001c42a0c7a98 method=java.lang.String.lastIndexOf([CII[CIII)I @ 17
Event: 3.673 Thread 0x000001c428575000 Uncommon trap: reason=unstable_if action=reinterpret pc=0x000001c42a0d0814 method=sun.misc.MetaIndex.mayContain(Ljava/lang/String;)Z @ 38
Event: 3.777 Thread 0x000001c428575000 Uncommon trap: reason=unstable_if action=reinterpret pc=0x000001c42a1611a0 method=java.io.WinNTFileSystem.isLetter(C)Z @ 15
Event: 4.327 Thread 0x000001c428575000 Uncommon trap: reason=unstable_if action=reinterpret pc=0x000001c42a0cbbf4 method=java.lang.String.indexOf([CII[CIII)I @ 3
Event: 5.042 Thread 0x000001c428575000 Uncommon trap: reason=unstable_if action=reinterpret pc=0x000001c42a394c28 method=org.springframework.util.ConcurrentReferenceHashMap$Segment.restructureIfNecessary(Z)V @ 21
Event: 5.414 Thread 0x000001c428575000 Uncommon trap: reason=unstable_if action=reinterpret pc=0x000001c42a084e90 method=sun.nio.cs.UTF_8$Encoder.encode([CII[B)I @ 33
Event: 5.459 Thread 0x000001c428575000 Uncommon trap: reason=unstable_if action=reinterpret pc=0x000001c42a232a58 method=java.util.HashMap.getNode(ILjava/lang/Object;)Ljava/util/HashMap$Node; @ 129
Event: 5.459 Thread 0x000001c428575000 Uncommon trap: reason=unstable_if action=reinterpret pc=0x000001c42a1a8290 method=java.util.HashMap.getNode(ILjava/lang/Object;)Ljava/util/HashMap$Node; @ 129
Event: 5.761 Thread 0x000001c428575000 Uncommon trap: reason=unstable_if action=reinterpret pc=0x000001c42a3b9878 method=java.util.concurrent.ConcurrentHashMap.putVal(Ljava/lang/Object;Ljava/lang/Object;Z)Ljava/lang/Object; @ 206
Event: 6.072 Thread 0x000001c428575000 Uncommon trap: reason=unstable_if action=reinterpret pc=0x000001c42a4384a4 method=java.io.WinNTFileSystem.normalize(Ljava/lang/String;)Ljava/lang/String; @ 128

Classes redefined (0 events):
No events

Internal exceptions (10 events):
Event: 5.890 Thread 0x000001c428575000 Exception <a 'java/lang/ClassNotFoundException': org/springframework/context/ResourceLoaderAwareCustomizer> (0x0000000782bae910) thrown at [C:\Jenkins\temp\workspace\build\src\hotspot\src\share\vm\classfile\systemDictionary.cpp, line 217]
Event: 5.891 Thread 0x000001c428575000 Exception <a 'java/lang/ClassNotFoundException': org/springframework/beans/factory/AwareCustomizer> (0x0000000782bc6498) thrown at [C:\Jenkins\temp\workspace\build\src\hotspot\src\share\vm\classfile\systemDictionary.cpp, line 217]
Event: 5.893 Thread 0x000001c428575000 Exception <a 'java/lang/ClassNotFoundException': org/springframework/context/ApplicationStartupAwareCustomizer> (0x0000000782be0dd0) thrown at [C:\Jenkins\temp\workspace\build\src\hotspot\src\share\vm\classfile\systemDictionary.cpp, line 217]
Event: 5.894 Thread 0x000001c428575000 Exception <a 'java/lang/ClassNotFoundException': org/springframework/beans/factory/AwareCustomizer> (0x0000000782bf8db8) thrown at [C:\Jenkins\temp\workspace\build\src\hotspot\src\share\vm\classfile\systemDictionary.cpp, line 217]
Event: 5.955 Thread 0x000001c428575000 Exception <a 'java/lang/ClassNotFoundException': org/springframework/beans/factory/BeanClassLoaderAwareCustomizer> (0x0000000782c14368) thrown at [C:\Jenkins\temp\workspace\build\src\hotspot\src\share\vm\classfile\systemDictionary.cpp, line 217]
Event: 5.956 Thread 0x000001c428575000 Exception <a 'java/lang/ClassNotFoundException': org/springframework/beans/factory/AwareCustomizer> (0x0000000782c2bee0) thrown at [C:\Jenkins\temp\workspace\build\src\hotspot\src\share\vm\classfile\systemDictionary.cpp, line 217]
Event: 5.957 Thread 0x000001c428575000 Exception <a 'java/lang/ClassNotFoundException': org/springframework/context/EnvironmentAwareCustomizer> (0x0000000782c441f8) thrown at [C:\Jenkins\temp\workspace\build\src\hotspot\src\share\vm\classfile\systemDictionary.cpp, line 217]
Event: 5.958 Thread 0x000001c428575000 Exception <a 'java/lang/ClassNotFoundException': org/springframework/beans/factory/AwareCustomizer> (0x0000000782c5bc50) thrown at [C:\Jenkins\temp\workspace\build\src\hotspot\src\share\vm\classfile\systemDictionary.cpp, line 217]
Event: 6.297 Thread 0x000001c428575000 Exception <a 'java/lang/NoSuchMethodError': java.lang.Object.lambda$getAllAnnotationAttributes$0(Lorg/springframework/util/MultiValueMap;)Lorg/springframework/util/MultiValueMap;> (0x00000007842dd598) thrown at [C:\Jenkins\temp\workspace\build\src\hotspot
Event: 6.298 Thread 0x000001c428575000 Exception <a 'java/lang/NoSuchMethodError': java.lang.Object.lambda$identity$2(Ljava/lang/Object;)Ljava/lang/Object;> (0x00000007842f36d8) thrown at [C:\Jenkins\temp\workspace\build\src\hotspot\src\share\vm\interpreter\linkResolver.cpp, line 620]

Events (10 events):
Event: 6.531 loading class com/fasterxml/jackson/annotation/JacksonAnnotation
Event: 6.531 loading class com/fasterxml/jackson/annotation/JacksonAnnotation done
Event: 6.538 loading class com/fasterxml/jackson/annotation/JsonSubTypes
Event: 6.538 loading class com/fasterxml/jackson/annotation/JsonSubTypes done
Event: 6.539 loading class org/springframework/core/annotation/MergedAnnotation
Event: 6.539 loading class org/springframework/core/annotation/MergedAnnotation done
Event: 6.540 loading class com/fasterxml/jackson/annotation/JsonSubTypes$Type
Event: 6.540 loading class com/fasterxml/jackson/annotation/JsonSubTypes$Type done
Event: 6.548 loading class javax/persistence/Entity
Event: 6.548 loading class javax/persistence/Entity done


Dynamic libraries:
0x00007ff730720000 - 0x00007ff73075a000 	C:\Program Files\Eclipse Adoptium\jdk-8.0.332.9-hotspot\bin\java.exe
0x00007ffd64610000 - 0x00007ffd64808000 	C:\WINDOWS\SYSTEM32\ntdll.dll
0x00007ffd59bd0000 - 0x00007ffd59be7000 	C:\Program Files\Avast Software\Avast\aswhook.dll
0x00007ffd64500000 - 0x00007ffd645bf000 	C:\WINDOWS\System32\KERNEL32.DLL
0x00007ffd61e60000 - 0x00007ffd62132000 	C:\WINDOWS\System32\KERNELBASE.dll
0x00007ffd640f0000 - 0x00007ffd6419e000 	C:\WINDOWS\System32\ADVAPI32.dll
0x00007ffd62ff0000 - 0x00007ffd6308e000 	C:\WINDOWS\System32\msvcrt.dll
0x00007ffd63440000 - 0x00007ffd634dc000 	C:\WINDOWS\System32\sechost.dll
0x00007ffd63090000 - 0x00007ffd631b5000 	C:\WINDOWS\System32\RPCRT4.dll
0x00007ffd631c0000 - 0x00007ffd63361000 	C:\WINDOWS\System32\USER32.dll
0x00007ffd62140000 - 0x00007ffd62162000 	C:\WINDOWS\System32\win32u.dll
0x00007ffd642e0000 - 0x00007ffd6430b000 	C:\WINDOWS\System32\GDI32.dll
0x00007ffd61d50000 - 0x00007ffd61e5f000 	C:\WINDOWS\System32\gdi32full.dll
0x00007ffd62310000 - 0x00007ffd623ad000 	C:\WINDOWS\System32\msvcp_win.dll
0x00007ffd62170000 - 0x00007ffd62270000 	C:\WINDOWS\System32\ucrtbase.dll
0x00007ffd4e0f0000 - 0x00007ffd4e38a000 	C:\WINDOWS\WinSxS\amd64_microsoft.windows.common-controls_6595b64144ccf1df_6.0.19041.1110_none_60b5254171f9507e\COMCTL32.dll
0x00007ffd634e0000 - 0x00007ffd63512000 	C:\WINDOWS\System32\IMM32.DLL
0x00007ffcfc4e0000 - 0x00007ffcfc5cf000 	C:\Program Files\Eclipse Adoptium\jdk-8.0.332.9-hotspot\jre\bin\msvcr120.dll
0x00007ffd3f4b0000 - 0x00007ffd3f556000 	C:\Program Files\Eclipse Adoptium\jdk-8.0.332.9-hotspot\jre\bin\msvcp120.dll
0x00000000705a0000 - 0x0000000070e11000 	C:\Program Files\Eclipse Adoptium\jdk-8.0.332.9-hotspot\jre\bin\server\jvm.dll
0x00007ffd645c0000 - 0x00007ffd645c8000 	C:\WINDOWS\System32\PSAPI.DLL
0x00007ffd56d10000 - 0x00007ffd56d19000 	C:\WINDOWS\SYSTEM32\WSOCK32.dll
0x00007ffd62650000 - 0x00007ffd626bb000 	C:\WINDOWS\System32\WS2_32.dll
0x00007ffd4db60000 - 0x00007ffd4db87000 	C:\WINDOWS\SYSTEM32\WINMM.dll
0x00007ffd5cef0000 - 0x00007ffd5cefa000 	C:\WINDOWS\SYSTEM32\VERSION.dll
0x00007ffd5f410000 - 0x00007ffd5f41f000 	C:\Program Files\Eclipse Adoptium\jdk-8.0.332.9-hotspot\jre\bin\verify.dll
0x00007ffd4f000000 - 0x00007ffd4f029000 	C:\Program Files\Eclipse Adoptium\jdk-8.0.332.9-hotspot\jre\bin\java.dll
0x00007ffd4e830000 - 0x00007ffd4e85a000 	C:\Program Files\Eclipse Adoptium\jdk-8.0.332.9-hotspot\jre\bin\instrument.dll
0x00007ffd5d7b0000 - 0x00007ffd5d7c6000 	C:\Program Files\Eclipse Adoptium\jdk-8.0.332.9-hotspot\jre\bin\zip.dll
0x00007ffd63530000 - 0x00007ffd63c74000 	C:\WINDOWS\System32\SHELL32.dll
0x00007ffd5fde0000 - 0x00007ffd60572000 	C:\WINDOWS\SYSTEM32\windows.storage.dll
0x00007ffd62970000 - 0x00007ffd62cc5000 	C:\WINDOWS\System32\combase.dll
0x00007ffd61680000 - 0x00007ffd616b0000 	C:\WINDOWS\SYSTEM32\Wldp.dll
0x00007ffd64230000 - 0x00007ffd642dd000 	C:\WINDOWS\System32\SHCORE.dll
0x00007ffd64330000 - 0x00007ffd64385000 	C:\WINDOWS\System32\shlwapi.dll
0x00007ffd61c40000 - 0x00007ffd61c5f000 	C:\WINDOWS\SYSTEM32\profapi.dll
0x00007ffd5d620000 - 0x00007ffd5d63a000 	C:\Program Files\JetBrains\IntelliJ IDEA Community Edition 2022.2\bin\breakgen64.dll
0x00007ffd5a670000 - 0x00007ffd5a68a000 	C:\Program Files\Eclipse Adoptium\jdk-8.0.332.9-hotspot\jre\bin\net.dll
0x00007ffd613e0000 - 0x00007ffd6144a000 	C:\WINDOWS\system32\mswsock.dll
0x00007ffd5f400000 - 0x00007ffd5f40d000 	C:\Program Files\Eclipse Adoptium\jdk-8.0.332.9-hotspot\jre\bin\management.dll
0x00007ffd4da90000 - 0x00007ffd4daa7000 	C:\WINDOWS\system32\napinsp.dll
0x00007ffd4dad0000 - 0x00007ffd4daeb000 	C:\WINDOWS\system32\pnrpnsp.dll
0x00007ffd4dab0000 - 0x00007ffd4dac5000 	C:\WINDOWS\system32\wshbth.dll
0x00007ffd5d4f0000 - 0x00007ffd5d50d000 	C:\WINDOWS\system32\NLAapi.dll
0x00007ffd610d0000 - 0x00007ffd6110b000 	C:\WINDOWS\SYSTEM32\IPHLPAPI.DLL
0x00007ffd61110000 - 0x00007ffd611da000 	C:\WINDOWS\SYSTEM32\DNSAPI.dll
0x00007ffd64220000 - 0x00007ffd64228000 	C:\WINDOWS\System32\NSI.dll
0x00007ffd4daf0000 - 0x00007ffd4db02000 	C:\WINDOWS\System32\winrnr.dll
0x00007ffd5bde0000 - 0x00007ffd5bdea000 	C:\Windows\System32\rasadhlp.dll
0x00007ffd56df0000 - 0x00007ffd56e70000 	C:\WINDOWS\System32\fwpuclnt.dll
0x00007ffd622e0000 - 0x00007ffd62307000 	C:\WINDOWS\System32\bcrypt.dll
0x00007ffd4fd00000 - 0x00007ffd4fd12000 	C:\Program Files\Eclipse Adoptium\jdk-8.0.332.9-hotspot\jre\bin\nio.dll
0x00007ffd5ba30000 - 0x00007ffd5bc14000 	C:\WINDOWS\SYSTEM32\dbghelp.dll
0x00007ffd625c0000 - 0x00007ffd62642000 	C:\WINDOWS\System32\bcryptPrimitives.dll

VM Arguments:
jvm_args: -javaagent:C:\Program Files\JetBrains\IntelliJ IDEA Community Edition 2022.2\lib\idea_rt.jar=60965:C:\Program Files\JetBrains\IntelliJ IDEA Community Edition 2022.2\bin -Dfile.encoding=UTF-8 
java_command: com.springsimplespasos.universidad.universidadbackend.UniviersidadBackendApplication
java_class_path (initial): C:\Program Files\Eclipse Adoptium\jdk-8.0.332.9-hotspot\jre\lib\charsets.jar;C:\Program Files\Eclipse Adoptium\jdk-8.0.332.9-hotspot\jre\lib\ext\access-bridge-64.jar;C:\Program Files\Eclipse Adoptium\jdk-8.0.332.9-hotspot\jre\lib\ext\cldrdata.jar;C:\Program Files\Eclipse Adoptium\jdk-8.0.332.9-hotspot\jre\lib\ext\dnsns.jar;C:\Program Files\Eclipse Adoptium\jdk-8.0.332.9-hotspot\jre\lib\ext\jaccess.jar;C:\Program Files\Eclipse Adoptium\jdk-8.0.332.9-hotspot\jre\lib\ext\localedata.jar;C:\Program Files\Eclipse Adoptium\jdk-8.0.332.9-hotspot\jre\lib\ext\nashorn.jar;C:\Program Files\Eclipse Adoptium\jdk-8.0.332.9-hotspot\jre\lib\ext\sunec.jar;C:\Program Files\Eclipse Adoptium\jdk-8.0.332.9-hotspot\jre\lib\ext\sunjce_provider.jar;C:\Program Files\Eclipse Adoptium\jdk-8.0.332.9-hotspot\jre\lib\ext\sunmscapi.jar;C:\Program Files\Eclipse Adoptium\jdk-8.0.332.9-hotspot\jre\lib\ext\sunpkcs11.jar;C:\Program Files\Eclipse Adoptium\jdk-8.0.332.9-hotspot\jre\lib\ext\zipfs.jar;C:\Program Files\Eclipse Adoptium\jdk-8.0.332.9-hotspot\jre\lib\jce.jar;C:\Program Files\Eclipse Adoptium\jdk-8.0.332.9-hotspot\jre\lib\jfr.jar;C:\Program Files\Eclipse Adoptium\jdk-8.0.332.9-hotspot\jre\lib\jsse.jar;C:\Program Files\Eclipse Adoptium\jdk-8.0.332.9-hotspot\jre\lib\management-agent.jar;C:\Program Files\Eclipse Adoptium\jdk-8.0.332.9-hotspot\jre\lib\resources.jar;C:\Program Files\Eclipse Adoptium\jdk-8.0.332.9-hotspot\jre\lib\rt.jar;C:\Users\Besysoft\Documents\Capacitación General\Curso de Spring boot en simple pasos\universidad-backend\target\classes;C:\Users\Besysoft\.m2\repository\org\springframework\boot\spring-boot-starter-data-jpa\2.7.4\spring-boot-starter-data-jpa-2.7.4.jar;C:\Users\Besysoft\.m2\repository\org\springframework\boot\spring-boot-starter-aop\2.7.4\spring-boot-starter-aop-2.7.4.jar;C:\Users\Besysoft\.m2\repository\org\springframework\spring-aop\5.3.23\spring-aop-5.3.23.jar;C:\Users\Besysoft\.m2\repository\org\aspectj\aspectjweaver\1.9.7\aspectjweav
Launcher Type: SUN_STANDARD

Environment Variables:
JAVA_HOME=C:\Program Files\Eclipse Adoptium\jdk-8.0.332.9-hotspot\
PATH=C:\oraclexe\app\oracle\product\10.2.0\server\bin;C:\Program Files\Eclipse Adoptium\jdk-8.0.332.9-hotspot\bin;C:\WINDOWS\system32;C:\WINDOWS;C:\WINDOWS\System32\Wbem;C:\WINDOWS\System32\WindowsPowerShell\v1.0\;C:\WINDOWS\System32\OpenSSH\;C:\ProgramData\chocolatey\bin;C:\Program Files\Git\cmd;C:\Program Files\TortoiseSVN\bin;C:\Program Files\OpenVPN\bin;"C:\Program Files\Eclipse Adoptium\jdk-8.0.332.9-hotspot\\bin;";C:\Users\Besysoft\AppData\Local\Microsoft\WindowsApps;C:\Users\Besysoft\AppData\Local\Programs\Microsoft VS Code\bin;C:\Users\Besysoft\AppData\Local\JetBrains\Toolbox\scripts;;%USERPROFILE%\AppData\Local\Microsoft\WindowsApps
USERNAME=Besysoft
OS=Windows_NT
PROCESSOR_IDENTIFIER=Intel64 Family 6 Model 58 Stepping 9, GenuineIntel



---------------  S Y S T E M  ---------------

OS: Windows 10.0 , 64 bit Build 19041 (10.0.19041.2364)

CPU:total 4 (initial active 4) (2 cores per cpu, 2 threads per core) family 6 model 58 stepping 9, cmov, cx8, fxsr, mmx, sse, sse2, sse3, ssse3, sse4.1, sse4.2, popcnt, avx, clmul, erms, ht, tsc, tscinvbit, tscinv

Memory: 4k page, physical 12243872k(4274608k free), swap 21665092k(6173084k free)

vm_info: OpenJDK 64-Bit Server VM (25.332-b09) for windows-amd64 JRE (1.8.0_332-b09), built on Apr 23 2022 01:25:28 by "jenkins" with MS VC++ 12.0 (VS2013)

time: Tue Dec 27 14:39:35 2022
timezone: Hora estándar de Argentina
elapsed time: 6.665291 seconds (0d 0h 0m 6s)

