2022-12-27 12:28:59,290 INFO com.springsimplespasos.universidad.universidadbackend.controlador.PrimerRestController [http-nio-8083-exec-9] info log
2022-12-27 12:28:59,356 WARN com.springsimplespasos.universidad.universidadbackend.controlador.PrimerRestController [http-nio-8083-exec-9] waring log
2022-12-27 12:28:59,359 ERROR com.springsimplespasos.universidad.universidadbackend.controlador.PrimerRestController [http-nio-8083-exec-9] error log
2022-12-27 12:29:01,424 INFO com.springsimplespasos.universidad.universidadbackend.controlador.PrimerRestController [http-nio-8083-exec-10] info log
2022-12-27 12:29:01,492 WARN com.springsimplespasos.universidad.universidadbackend.controlador.PrimerRestController [http-nio-8083-exec-10] waring log
2022-12-27 12:29:01,547 ERROR com.springsimplespasos.universidad.universidadbackend.controlador.PrimerRestController [http-nio-8083-exec-10] error log
2022-12-27 12:29:02,958 INFO com.springsimplespasos.universidad.universidadbackend.controlador.PrimerRestController [http-nio-8083-exec-2] info log
2022-12-27 12:29:02,973 WARN com.springsimplespasos.universidad.universidadbackend.controlador.PrimerRestController [http-nio-8083-exec-2] waring log
2022-12-27 12:29:02,974 ERROR com.springsimplespasos.universidad.universidadbackend.controlador.PrimerRestController [http-nio-8083-exec-2] error log
2022-12-27 12:29:14,886 INFO com.springsimplespasos.universidad.universidadbackend.controlador.PrimerRestController [http-nio-8083-exec-1] info log
2022-12-27 12:29:15,107 WARN com.springsimplespasos.universidad.universidadbackend.controlador.PrimerRestController [http-nio-8083-exec-1] waring log
2022-12-27 12:29:15,109 ERROR com.springsimplespasos.universidad.universidadbackend.controlador.PrimerRestController [http-nio-8083-exec-1] error log
2022-12-27 12:29:21,882 INFO com.springsimplespasos.universidad.universidadbackend.controlador.PrimerRestController [http-nio-8083-exec-3] info log
2022-12-27 12:29:21,883 WARN com.springsimplespasos.universidad.universidadbackend.controlador.PrimerRestController [http-nio-8083-exec-3] waring log
2022-12-27 12:29:21,885 ERROR com.springsimplespasos.universidad.universidadbackend.controlador.PrimerRestController [http-nio-8083-exec-3] error log
2022-12-27 12:29:24,169 INFO com.springsimplespasos.universidad.universidadbackend.controlador.PrimerRestController [http-nio-8083-exec-4] info log
2022-12-27 12:29:24,170 WARN com.springsimplespasos.universidad.universidadbackend.controlador.PrimerRestController [http-nio-8083-exec-4] waring log
2022-12-27 12:29:24,171 ERROR com.springsimplespasos.universidad.universidadbackend.controlador.PrimerRestController [http-nio-8083-exec-4] error log
2022-12-27 14:39:34,375 INFO org.hibernate.validator.internal.util.Version [background-preinit] HV000001: Hibernate Validator 6.2.5.Final
2022-12-27 14:39:34,568 INFO org.springframework.boot.StartupInfoLogger [main] Starting UniviersidadBackendApplication using Java 1.8.0_332 on DESKTOP-3RTNGS2 with PID 3044 (C:\Users\Besysoft\Documents\Capacitación General\Curso de Spring boot en simple pasos\universidad-backend\target\classes started by Besysoft in C:\Users\Besysoft\Documents\Capacitación General\Curso de Spring boot en simple pasos\universidad-backend)
2022-12-27 14:39:34,573 INFO org.springframework.boot.SpringApplication [main] No active profile set, falling back to 1 default profile: "default"
2022-12-27 14:44:54,872 INFO org.hibernate.validator.internal.util.Version [background-preinit] HV000001: Hibernate Validator 6.2.5.Final
2022-12-27 14:44:54,912 INFO org.springframework.boot.StartupInfoLogger [main] Starting UniviersidadBackendApplication using Java 1.8.0_332 on DESKTOP-3RTNGS2 with PID 8132 (C:\Users\Besysoft\Documents\Capacitación General\Curso de Spring boot en simple pasos\universidad-backend\target\classes started by Besysoft in C:\Users\Besysoft\Documents\Capacitación General\Curso de Spring boot en simple pasos\universidad-backend)
2022-12-27 14:44:54,914 INFO org.springframework.boot.SpringApplication [main] No active profile set, falling back to 1 default profile: "default"
2022-12-27 14:44:57,865 INFO org.springframework.data.repository.config.RepositoryConfigurationDelegate [main] Bootstrapping Spring Data JPA repositories in DEFAULT mode.
2022-12-27 14:44:58,221 INFO org.springframework.data.repository.config.RepositoryConfigurationDelegate [main] Finished Spring Data repository scanning in 329 ms. Found 6 JPA repository interfaces.
2022-12-27 14:45:00,091 INFO org.springframework.boot.web.embedded.tomcat.TomcatWebServer [main] Tomcat initialized with port(s): 8083 (http)
2022-12-27 14:45:00,119 INFO org.apache.juli.logging.DirectJDKLog [main] Initializing ProtocolHandler ["http-nio-8083"]
2022-12-27 14:45:00,120 INFO org.apache.juli.logging.DirectJDKLog [main] Starting service [Tomcat]
2022-12-27 14:45:00,121 INFO org.apache.juli.logging.DirectJDKLog [main] Starting Servlet engine: [Apache Tomcat/9.0.65]
2022-12-27 14:45:00,535 INFO org.apache.juli.logging.DirectJDKLog [main] Initializing Spring embedded WebApplicationContext
2022-12-27 14:45:00,536 INFO org.springframework.boot.web.servlet.context.ServletWebServerApplicationContext [main] Root WebApplicationContext: initialization completed in 5467 ms
2022-12-27 14:45:00,959 INFO org.hibernate.jpa.internal.util.LogHelper [main] HHH000204: Processing PersistenceUnitInfo [name: default]
2022-12-27 14:45:01,112 INFO org.hibernate.Version [main] HHH000412: Hibernate ORM core version 5.6.11.Final
2022-12-27 14:45:01,600 INFO org.hibernate.annotations.common.reflection.java.JavaReflectionManager [main] HCANN000001: Hibernate Commons Annotations {5.1.2.Final}
2022-12-27 14:45:01,891 INFO com.zaxxer.hikari.HikariDataSource [main] HikariPool-1 - Starting...
2022-12-27 14:45:02,407 INFO com.zaxxer.hikari.HikariDataSource [main] HikariPool-1 - Start completed.
2022-12-27 14:45:02,513 INFO org.hibernate.dialect.Dialect [main] HHH000400: Using dialect: org.hibernate.dialect.PostgreSQL10Dialect
2022-12-27 14:45:05,167 INFO org.hibernate.engine.transaction.jta.platform.internal.JtaPlatformInitiator [main] HHH000490: Using JtaPlatform implementation: [org.hibernate.engine.transaction.jta.platform.internal.NoJtaPlatform]
2022-12-27 14:45:05,188 INFO org.springframework.orm.jpa.AbstractEntityManagerFactoryBean [main] Initialized JPA EntityManagerFactory for persistence unit 'default'
2022-12-27 14:45:07,233 WARN org.springframework.boot.autoconfigure.orm.jpa.JpaBaseConfiguration$JpaWebConfiguration [main] spring.jpa.open-in-view is enabled by default. Therefore, database queries may be performed during view rendering. Explicitly configure spring.jpa.open-in-view to disable this warning
2022-12-27 14:45:08,073 INFO org.apache.juli.logging.DirectJDKLog [main] Starting ProtocolHandler ["http-nio-8083"]
2022-12-27 14:45:08,094 WARN org.springframework.context.support.AbstractApplicationContext [main] Exception encountered during context initialization - cancelling refresh attempt: org.springframework.context.ApplicationContextException: Failed to start bean 'webServerStartStop'; nested exception is org.springframework.boot.web.server.PortInUseException: Port 8083 is already in use
2022-12-27 14:45:08,180 INFO org.springframework.orm.jpa.AbstractEntityManagerFactoryBean [main] Closing JPA EntityManagerFactory for persistence unit 'default'
2022-12-27 14:45:08,182 INFO com.zaxxer.hikari.HikariDataSource [main] HikariPool-1 - Shutdown initiated...
2022-12-27 14:45:08,215 INFO com.zaxxer.hikari.HikariDataSource [main] HikariPool-1 - Shutdown completed.
2022-12-27 14:45:08,220 INFO org.apache.juli.logging.DirectJDKLog [main] Pausing ProtocolHandler ["http-nio-8083"]
2022-12-27 14:45:08,221 INFO org.apache.juli.logging.DirectJDKLog [main] Stopping service [Tomcat]
2022-12-27 14:45:08,232 INFO org.apache.juli.logging.DirectJDKLog [main] Stopping ProtocolHandler ["http-nio-8083"]
2022-12-27 14:45:08,380 INFO org.apache.juli.logging.DirectJDKLog [main] Destroying ProtocolHandler ["http-nio-8083"]
2022-12-27 14:45:08,409 INFO org.springframework.boot.autoconfigure.logging.ConditionEvaluationReportLoggingListener [main] 

Error starting ApplicationContext. To display the conditions report re-run your application with 'debug' enabled.
2022-12-27 14:45:08,462 ERROR org.springframework.boot.diagnostics.LoggingFailureAnalysisReporter [main] 

***************************
APPLICATION FAILED TO START
***************************

Description:

Web server failed to start. Port 8083 was already in use.

Action:

Identify and stop the process that's listening on port 8083 or configure this application to listen on another port.

2022-12-27 14:47:08,726 INFO org.hibernate.validator.internal.util.Version [background-preinit] HV000001: Hibernate Validator 6.2.5.Final
2022-12-27 14:47:08,756 INFO org.springframework.boot.StartupInfoLogger [main] Starting UniviersidadBackendApplication using Java 1.8.0_332 on DESKTOP-3RTNGS2 with PID 5168 (C:\Users\Besysoft\Documents\Capacitación General\Curso de Spring boot en simple pasos\universidad-backend\target\classes started by Besysoft in C:\Users\Besysoft\Documents\Capacitación General\Curso de Spring boot en simple pasos\universidad-backend)
2022-12-27 14:47:08,758 INFO org.springframework.boot.SpringApplication [main] No active profile set, falling back to 1 default profile: "default"
2022-12-27 14:47:10,988 INFO org.springframework.data.repository.config.RepositoryConfigurationDelegate [main] Bootstrapping Spring Data JPA repositories in DEFAULT mode.
2022-12-27 14:47:11,287 INFO org.springframework.data.repository.config.RepositoryConfigurationDelegate [main] Finished Spring Data repository scanning in 256 ms. Found 6 JPA repository interfaces.
2022-12-27 14:47:14,058 INFO org.springframework.boot.web.embedded.tomcat.TomcatWebServer [main] Tomcat initialized with port(s): 8083 (http)
2022-12-27 14:47:14,115 INFO org.apache.juli.logging.DirectJDKLog [main] Initializing ProtocolHandler ["http-nio-8083"]
2022-12-27 14:47:14,179 INFO org.apache.juli.logging.DirectJDKLog [main] Starting service [Tomcat]
2022-12-27 14:47:14,199 INFO org.apache.juli.logging.DirectJDKLog [main] Starting Servlet engine: [Apache Tomcat/9.0.65]
2022-12-27 14:47:14,775 INFO org.apache.juli.logging.DirectJDKLog [main] Initializing Spring embedded WebApplicationContext
2022-12-27 14:47:14,790 INFO org.springframework.boot.web.servlet.context.ServletWebServerApplicationContext [main] Root WebApplicationContext: initialization completed in 5861 ms
2022-12-27 14:47:15,438 INFO org.hibernate.jpa.internal.util.LogHelper [main] HHH000204: Processing PersistenceUnitInfo [name: default]
2022-12-27 14:47:15,597 INFO org.hibernate.Version [main] HHH000412: Hibernate ORM core version 5.6.11.Final
2022-12-27 14:47:16,108 INFO org.hibernate.annotations.common.reflection.java.JavaReflectionManager [main] HCANN000001: Hibernate Commons Annotations {5.1.2.Final}
2022-12-27 14:47:16,495 INFO com.zaxxer.hikari.HikariDataSource [main] HikariPool-1 - Starting...
2022-12-27 14:47:16,998 INFO com.zaxxer.hikari.HikariDataSource [main] HikariPool-1 - Start completed.
2022-12-27 14:47:17,156 INFO org.hibernate.dialect.Dialect [main] HHH000400: Using dialect: org.hibernate.dialect.PostgreSQL10Dialect
2022-12-27 14:47:19,704 INFO org.hibernate.engine.transaction.jta.platform.internal.JtaPlatformInitiator [main] HHH000490: Using JtaPlatform implementation: [org.hibernate.engine.transaction.jta.platform.internal.NoJtaPlatform]
2022-12-27 14:47:19,726 INFO org.springframework.orm.jpa.AbstractEntityManagerFactoryBean [main] Initialized JPA EntityManagerFactory for persistence unit 'default'
2022-12-27 14:47:22,598 WARN org.springframework.boot.autoconfigure.orm.jpa.JpaBaseConfiguration$JpaWebConfiguration [main] spring.jpa.open-in-view is enabled by default. Therefore, database queries may be performed during view rendering. Explicitly configure spring.jpa.open-in-view to disable this warning
2022-12-27 14:47:23,465 INFO org.apache.juli.logging.DirectJDKLog [main] Starting ProtocolHandler ["http-nio-8083"]
2022-12-27 14:47:23,492 WARN org.springframework.context.support.AbstractApplicationContext [main] Exception encountered during context initialization - cancelling refresh attempt: org.springframework.context.ApplicationContextException: Failed to start bean 'webServerStartStop'; nested exception is org.springframework.boot.web.server.PortInUseException: Port 8083 is already in use
2022-12-27 14:47:23,512 INFO org.springframework.orm.jpa.AbstractEntityManagerFactoryBean [main] Closing JPA EntityManagerFactory for persistence unit 'default'
2022-12-27 14:47:23,516 INFO com.zaxxer.hikari.HikariDataSource [main] HikariPool-1 - Shutdown initiated...
2022-12-27 14:47:23,548 INFO com.zaxxer.hikari.HikariDataSource [main] HikariPool-1 - Shutdown completed.
2022-12-27 14:47:23,555 INFO org.apache.juli.logging.DirectJDKLog [main] Pausing ProtocolHandler ["http-nio-8083"]
2022-12-27 14:47:23,556 INFO org.apache.juli.logging.DirectJDKLog [main] Stopping service [Tomcat]
2022-12-27 14:47:23,566 INFO org.apache.juli.logging.DirectJDKLog [main] Stopping ProtocolHandler ["http-nio-8083"]
2022-12-27 14:47:23,631 INFO org.apache.juli.logging.DirectJDKLog [main] Destroying ProtocolHandler ["http-nio-8083"]
2022-12-27 14:47:23,696 INFO org.springframework.boot.autoconfigure.logging.ConditionEvaluationReportLoggingListener [main] 

Error starting ApplicationContext. To display the conditions report re-run your application with 'debug' enabled.
2022-12-27 14:47:23,795 ERROR org.springframework.boot.diagnostics.LoggingFailureAnalysisReporter [main] 

***************************
APPLICATION FAILED TO START
***************************

Description:

Web server failed to start. Port 8083 was already in use.

Action:

Identify and stop the process that's listening on port 8083 or configure this application to listen on another port.

2022-12-27 14:47:55,672 INFO org.hibernate.validator.internal.util.Version [background-preinit] HV000001: Hibernate Validator 6.2.5.Final
2022-12-27 14:47:55,696 INFO org.springframework.boot.StartupInfoLogger [main] Starting UniviersidadBackendApplication using Java 1.8.0_332 on DESKTOP-3RTNGS2 with PID 14616 (C:\Users\Besysoft\Documents\Capacitación General\Curso de Spring boot en simple pasos\universidad-backend\target\classes started by Besysoft in C:\Users\Besysoft\Documents\Capacitación General\Curso de Spring boot en simple pasos\universidad-backend)
2022-12-27 14:47:55,701 INFO org.springframework.boot.SpringApplication [main] No active profile set, falling back to 1 default profile: "default"
2022-12-27 14:47:59,205 INFO org.springframework.data.repository.config.RepositoryConfigurationDelegate [main] Bootstrapping Spring Data JPA repositories in DEFAULT mode.
2022-12-27 14:47:59,506 INFO org.springframework.data.repository.config.RepositoryConfigurationDelegate [main] Finished Spring Data repository scanning in 262 ms. Found 6 JPA repository interfaces.
2022-12-27 14:48:02,351 INFO org.springframework.boot.web.embedded.tomcat.TomcatWebServer [main] Tomcat initialized with port(s): 8084 (http)
2022-12-27 14:48:02,389 INFO org.apache.juli.logging.DirectJDKLog [main] Initializing ProtocolHandler ["http-nio-8084"]
2022-12-27 14:48:02,511 INFO org.apache.juli.logging.DirectJDKLog [main] Starting service [Tomcat]
2022-12-27 14:48:02,522 INFO org.apache.juli.logging.DirectJDKLog [main] Starting Servlet engine: [Apache Tomcat/9.0.65]
2022-12-27 14:48:02,919 INFO org.apache.juli.logging.DirectJDKLog [main] Initializing Spring embedded WebApplicationContext
2022-12-27 14:48:02,931 INFO org.springframework.boot.web.servlet.context.ServletWebServerApplicationContext [main] Root WebApplicationContext: initialization completed in 7047 ms
2022-12-27 14:48:03,826 INFO org.hibernate.jpa.internal.util.LogHelper [main] HHH000204: Processing PersistenceUnitInfo [name: default]
2022-12-27 14:48:04,070 INFO org.hibernate.Version [main] HHH000412: Hibernate ORM core version 5.6.11.Final
2022-12-27 14:48:04,496 INFO org.hibernate.annotations.common.reflection.java.JavaReflectionManager [main] HCANN000001: Hibernate Commons Annotations {5.1.2.Final}
2022-12-27 14:48:04,731 INFO com.zaxxer.hikari.HikariDataSource [main] HikariPool-1 - Starting...
2022-12-27 14:48:05,072 INFO com.zaxxer.hikari.HikariDataSource [main] HikariPool-1 - Start completed.
2022-12-27 14:48:05,157 INFO org.hibernate.dialect.Dialect [main] HHH000400: Using dialect: org.hibernate.dialect.PostgreSQL10Dialect
2022-12-27 14:48:07,528 INFO org.hibernate.engine.transaction.jta.platform.internal.JtaPlatformInitiator [main] HHH000490: Using JtaPlatform implementation: [org.hibernate.engine.transaction.jta.platform.internal.NoJtaPlatform]
2022-12-27 14:48:07,549 INFO org.springframework.orm.jpa.AbstractEntityManagerFactoryBean [main] Initialized JPA EntityManagerFactory for persistence unit 'default'
2022-12-27 14:48:11,148 WARN org.springframework.boot.autoconfigure.orm.jpa.JpaBaseConfiguration$JpaWebConfiguration [main] spring.jpa.open-in-view is enabled by default. Therefore, database queries may be performed during view rendering. Explicitly configure spring.jpa.open-in-view to disable this warning
2022-12-27 14:48:12,210 INFO org.apache.juli.logging.DirectJDKLog [main] Starting ProtocolHandler ["http-nio-8084"]
2022-12-27 14:48:12,285 INFO org.springframework.boot.web.embedded.tomcat.TomcatWebServer [main] Tomcat started on port(s): 8084 (http) with context path '/api/v2/universidad'
2022-12-27 14:48:12,331 INFO org.springframework.boot.StartupInfoLogger [main] Started UniviersidadBackendApplication in 17.5 seconds (JVM running for 19.082)
2022-12-27 14:49:19,948 INFO com.springsimplespasos.universidad.universidadbackend.controlador.PrimerRestController [http-nio-8083-exec-6] info log
2022-12-27 14:49:20,095 WARN com.springsimplespasos.universidad.universidadbackend.controlador.PrimerRestController [http-nio-8083-exec-6] waring log
2022-12-27 14:49:20,096 ERROR com.springsimplespasos.universidad.universidadbackend.controlador.PrimerRestController [http-nio-8083-exec-6] error log
2022-12-27 14:49:26,540 INFO org.apache.juli.logging.DirectJDKLog [http-nio-8084-exec-6] Initializing Spring DispatcherServlet 'dispatcherServlet'
2022-12-27 14:49:26,549 INFO org.springframework.web.servlet.FrameworkServlet [http-nio-8084-exec-6] Initializing Servlet 'dispatcherServlet'
2022-12-27 14:49:26,556 INFO org.springframework.web.servlet.FrameworkServlet [http-nio-8084-exec-6] Completed initialization in 2 ms
2022-12-27 14:49:26,644 INFO com.springsimplespasos.universidad.universidadbackend.controlador.PrimerRestController [http-nio-8084-exec-6] info log
2022-12-27 14:49:26,644 WARN com.springsimplespasos.universidad.universidadbackend.controlador.PrimerRestController [http-nio-8084-exec-6] waring log
2022-12-27 14:49:26,665 ERROR com.springsimplespasos.universidad.universidadbackend.controlador.PrimerRestController [http-nio-8084-exec-6] error log
2022-12-27 14:49:37,180 INFO com.springsimplespasos.universidad.universidadbackend.controlador.PrimerRestController [http-nio-8083-exec-8] info log
2022-12-27 14:49:37,189 WARN com.springsimplespasos.universidad.universidadbackend.controlador.PrimerRestController [http-nio-8083-exec-8] waring log
2022-12-27 14:49:37,215 ERROR com.springsimplespasos.universidad.universidadbackend.controlador.PrimerRestController [http-nio-8083-exec-8] error log
2022-12-27 14:50:41,299 INFO org.springframework.orm.jpa.AbstractEntityManagerFactoryBean [SpringApplicationShutdownHook] Closing JPA EntityManagerFactory for persistence unit 'default'
2022-12-27 14:50:41,314 INFO com.zaxxer.hikari.HikariDataSource [SpringApplicationShutdownHook] HikariPool-1 - Shutdown initiated...
2022-12-27 14:50:41,328 INFO com.zaxxer.hikari.HikariDataSource [SpringApplicationShutdownHook] HikariPool-1 - Shutdown completed.
