2022-12-27 12:23:51,055 INFO org.springframework.boot.StartupInfoLogger [main] Starting UniviersidadBackendApplication using Java 1.8.0_332 on DESKTOP-3RTNGS2 with PID 13488 (C:\Users\Besysoft\Documents\Capacitaci贸n General\Curso de Spring boot en simple pasos\universidad-backend\target\classes started by Besysoft in C:\Users\Besysoft\Documents\Capacitaci贸n General\Curso de Spring boot en simple pasos\universidad-backend)
2022-12-27 12:23:51,070 INFO org.springframework.boot.SpringApplication [main] No active profile set, falling back to 1 default profile: "default"
2022-12-27 12:23:51,055 INFO org.hibernate.validator.internal.util.Version [background-preinit] HV000001: Hibernate Validator 6.2.5.Final
2022-12-27 12:23:59,650 INFO org.springframework.data.repository.config.RepositoryConfigurationDelegate [main] Bootstrapping Spring Data JPA repositories in DEFAULT mode.
2022-12-27 12:24:00,695 INFO org.springframework.data.repository.config.RepositoryConfigurationDelegate [main] Finished Spring Data repository scanning in 959 ms. Found 6 JPA repository interfaces.
2022-12-27 12:24:09,782 INFO org.springframework.boot.web.embedded.tomcat.TomcatWebServer [main] Tomcat initialized with port(s): 8083 (http)
2022-12-27 12:24:09,848 INFO org.apache.juli.logging.DirectJDKLog [main] Initializing ProtocolHandler ["http-nio-8083"]
2022-12-27 12:24:09,861 INFO org.apache.juli.logging.DirectJDKLog [main] Starting service [Tomcat]
2022-12-27 12:24:09,868 INFO org.apache.juli.logging.DirectJDKLog [main] Starting Servlet engine: [Apache Tomcat/9.0.65]
2022-12-27 12:24:11,505 INFO org.apache.juli.logging.DirectJDKLog [main] Initializing Spring embedded WebApplicationContext
2022-12-27 12:24:11,507 INFO org.springframework.boot.web.servlet.context.ServletWebServerApplicationContext [main] Root WebApplicationContext: initialization completed in 20114 ms
2022-12-27 12:24:14,746 INFO org.hibernate.jpa.internal.util.LogHelper [main] HHH000204: Processing PersistenceUnitInfo [name: default]
2022-12-27 12:24:15,123 INFO org.hibernate.Version [main] HHH000412: Hibernate ORM core version 5.6.11.Final
2022-12-27 12:24:16,572 INFO org.hibernate.annotations.common.reflection.java.JavaReflectionManager [main] HCANN000001: Hibernate Commons Annotations {5.1.2.Final}
2022-12-27 12:24:17,411 INFO com.zaxxer.hikari.HikariDataSource [main] HikariPool-1 - Starting...
2022-12-27 12:24:19,052 INFO com.zaxxer.hikari.HikariDataSource [main] HikariPool-1 - Start completed.
2022-12-27 12:24:19,367 INFO org.hibernate.dialect.Dialect [main] HHH000400: Using dialect: org.hibernate.dialect.PostgreSQL10Dialect
2022-12-27 12:24:27,732 INFO org.hibernate.engine.transaction.jta.platform.internal.JtaPlatformInitiator [main] HHH000490: Using JtaPlatform implementation: [org.hibernate.engine.transaction.jta.platform.internal.NoJtaPlatform]
2022-12-27 12:24:27,765 INFO org.springframework.orm.jpa.AbstractEntityManagerFactoryBean [main] Initialized JPA EntityManagerFactory for persistence unit 'default'
2022-12-27 12:24:39,350 WARN org.springframework.boot.autoconfigure.orm.jpa.JpaBaseConfiguration$JpaWebConfiguration [main] spring.jpa.open-in-view is enabled by default. Therefore, database queries may be performed during view rendering. Explicitly configure spring.jpa.open-in-view to disable this warning
2022-12-27 12:24:44,139 INFO org.apache.juli.logging.DirectJDKLog [main] Starting ProtocolHandler ["http-nio-8083"]
2022-12-27 12:24:45,683 INFO org.springframework.boot.web.embedded.tomcat.TomcatWebServer [main] Tomcat started on port(s): 8083 (http) with context path '/api/v2/universidad'
2022-12-27 12:24:45,761 INFO org.springframework.boot.StartupInfoLogger [main] Started UniviersidadBackendApplication in 57.124 seconds (JVM running for 62.515)
2022-12-27 12:25:29,523 INFO org.apache.juli.logging.DirectJDKLog [http-nio-8083-exec-10] Initializing Spring DispatcherServlet 'dispatcherServlet'
2022-12-27 12:25:29,524 INFO org.springframework.web.servlet.FrameworkServlet [http-nio-8083-exec-10] Initializing Servlet 'dispatcherServlet'
2022-12-27 12:25:29,533 INFO org.springframework.web.servlet.FrameworkServlet [http-nio-8083-exec-10] Completed initialization in 8 ms
2022-12-27 12:25:31,043 INFO com.springsimplespasos.universidad.universidadbackend.controlador.PrimerRestController [http-nio-8083-exec-10] info log
2022-12-27 12:25:31,050 WARN com.springsimplespasos.universidad.universidadbackend.controlador.PrimerRestController [http-nio-8083-exec-10] waring log
2022-12-27 12:25:31,081 ERROR com.springsimplespasos.universidad.universidadbackend.controlador.PrimerRestController [http-nio-8083-exec-10] error log
2022-12-27 12:26:52,635 INFO org.springframework.orm.jpa.AbstractEntityManagerFactoryBean [SpringApplicationShutdownHook] Closing JPA EntityManagerFactory for persistence unit 'default'
2022-12-27 12:26:52,653 INFO com.zaxxer.hikari.HikariDataSource [SpringApplicationShutdownHook] HikariPool-1 - Shutdown initiated...
2022-12-27 12:26:52,674 INFO com.zaxxer.hikari.HikariDataSource [SpringApplicationShutdownHook] HikariPool-1 - Shutdown completed.
2022-12-27 12:27:26,146 INFO org.hibernate.validator.internal.util.Version [background-preinit] HV000001: Hibernate Validator 6.2.5.Final
2022-12-27 12:27:26,376 INFO org.springframework.boot.StartupInfoLogger [main] Starting UniviersidadBackendApplication using Java 1.8.0_332 on DESKTOP-3RTNGS2 with PID 192 (C:\Users\Besysoft\Documents\Capacitaci贸n General\Curso de Spring boot en simple pasos\universidad-backend\target\classes started by Besysoft in C:\Users\Besysoft\Documents\Capacitaci贸n General\Curso de Spring boot en simple pasos\universidad-backend)
2022-12-27 12:27:26,382 INFO org.springframework.boot.SpringApplication [main] No active profile set, falling back to 1 default profile: "default"
2022-12-27 12:27:34,533 INFO org.springframework.data.repository.config.RepositoryConfigurationDelegate [main] Bootstrapping Spring Data JPA repositories in DEFAULT mode.
2022-12-27 12:27:35,333 INFO org.springframework.data.repository.config.RepositoryConfigurationDelegate [main] Finished Spring Data repository scanning in 765 ms. Found 6 JPA repository interfaces.
